0 info it worked if it ends with ok
1 verbose cli [ 'node', '/usr/local/bin/npm', 'test' ]
2 info using npm@1.3.8
3 info using node@v0.10.17
4 error Failed to parse json
4 error Unexpected string
5 error File: /Users/jimkalac/projects/i64/package.json
6 error Failed to parse package.json data.
6 error package.json must be actual JSON, not just JavaScript.
6 error
6 error This is not a bug in npm.
6 error Tell the package author to fix their package.json file. JSON.parse
7 error System Darwin 11.4.2
8 error command "node" "/usr/local/bin/npm" "test"
9 error cwd /Users/jimkalac/projects/i64
10 error node -v v0.10.17
11 error npm -v 1.3.8
12 error file /Users/jimkalac/projects/i64/package.json
13 error code EJSONPARSE
14 verbose exit [ 1, true ]
